objc[31172]: Class AXEmojiUtilities is implemented in both /Applications/Xcode.app/Contents/Developer/Platforms/iPhoneSimulator.platform/Developer/SDKs/iPhoneSimulator7.0.sdk/System/Library/PrivateFrameworks/AccessibilityUtilities.framework/AccessibilityUtilities and /Applications/Xcode.app/Contents/Developer/Platforms/iPhoneSimulator.platform/Developer/SDKs/iPhoneSimulator7.0.sdk/usr/lib/libAXSpeechManager.dylib. One of the two will be used. Which one is undefined.
2014-03-11 18:25:40.879 HelloWorld[31172:80b] Cannot find executable for CFBundle 0xa56a660 </Applications/Xcode.app/Contents/Developer/Platforms/iPhoneSimulator.platform/Developer/SDKs/iPhoneSimulator7.0.sdk/System/Library/AccessibilityBundles/CertUIFramework.axbundle> (not loaded)
2014-03-11 18:25:40.906 HelloWorld[31172:80b] Cannot find executable for CFBundle 0xa594aa0 </Applications/Xcode.app/Contents/Developer/Platforms/iPhoneSimulator.platform/Developer/SDKs/iPhoneSimulator7.0.sdk/System/Library/AccessibilityBundles/GeoServices.axbundle> (not loaded)
2014-03-11 18:25:40.998 HelloWorld[31172:80b] Multi-tasking -> Device: YES, App: YES
2014-03-11 18:25:41.068 HelloWorld[31172:80b] Unlimited access to network resources
2014-03-11 18:25:41.346 HelloWorld[31172:80b] Resetting plugins due to page load.
2014-03-11 18:25:41.553 HelloWorld[31172:80b] Finished load of: file:///Users/dejanew/Library/Application%20Support/iPhone%20Simulator/7.0.3/Applications/581F669C-B6F0-4943-AD88-4D906C7B45AF/HelloWorld.app/www/index.html#/
objc[33272]: Class AXEmojiUtilities is implemented in both /Applications/Xcode.app/Contents/Developer/Platforms/iPhoneSimulator.platform/Developer/SDKs/iPhoneSimulator7.0.sdk/System/Library/PrivateFrameworks/AccessibilityUtilities.framework/AccessibilityUtilities and /Applications/Xcode.app/Contents/Developer/Platforms/iPhoneSimulator.platform/Developer/SDKs/iPhoneSimulator7.0.sdk/usr/lib/libAXSpeechManager.dylib. One of the two will be used. Which one is undefined.
2014-03-11 18:26:33.584 HelloWorld[33272:80b] Cannot find executable for CFBundle 0xa93eff0 </Applications/Xcode.app/Contents/Developer/Platforms/iPhoneSimulator.platform/Developer/SDKs/iPhoneSimulator7.0.sdk/System/Library/AccessibilityBundles/GeoServices.axbundle> (not loaded)
2014-03-11 18:26:33.607 HelloWorld[33272:80b] Cannot find executable for CFBundle 0xa4520b0 </Applications/Xcode.app/Contents/Developer/Platforms/iPhoneSimulator.platform/Developer/SDKs/iPhoneSimulator7.0.sdk/System/Library/AccessibilityBundles/CertUIFramework.axbundle> (not loaded)
2014-03-11 18:26:33.674 HelloWorld[33272:80b] Multi-tasking -> Device: YES, App: YES
2014-03-11 18:26:33.682 HelloWorld[33272:80b] Unlimited access to network resources
2014-03-11 18:26:33.847 HelloWorld[33272:80b] Resetting plugins due to page load.
2014-03-11 18:26:34.037 HelloWorld[33272:80b] Finished load of: file:///Users/dejanew/Library/Application%20Support/iPhone%20Simulator/7.0.3/Applications/581F669C-B6F0-4943-AD88-4D906C7B45AF/HelloWorld.app/www/index.html#/
2014-03-11 18:26:45.725 HelloWorld[33272:80b] Received memory warning.
objc[35911]: Class AXEmojiUtilities is implemented in both /Applications/Xcode.app/Contents/Developer/Platforms/iPhoneSimulator.platform/Developer/SDKs/iPhoneSimulator7.0.sdk/System/Library/PrivateFrameworks/AccessibilityUtilities.framework/AccessibilityUtilities and /Applications/Xcode.app/Contents/Developer/Platforms/iPhoneSimulator.platform/Developer/SDKs/iPhoneSimulator7.0.sdk/usr/lib/libAXSpeechManager.dylib. One of the two will be used. Which one is undefined.
2014-03-11 18:30:53.800 HelloWorld[35911:80b] Cannot find executable for CFBundle 0xa97ee40 </Applications/Xcode.app/Contents/Developer/Platforms/iPhoneSimulator.platform/Developer/SDKs/iPhoneSimulator7.0.sdk/System/Library/AccessibilityBundles/GeoServices.axbundle> (not loaded)
2014-03-11 18:30:53.813 HelloWorld[35911:80b] Cannot find executable for CFBundle 0xa9b8a10 </Applications/Xcode.app/Contents/Developer/Platforms/iPhoneSimulator.platform/Developer/SDKs/iPhoneSimulator7.0.sdk/System/Library/AccessibilityBundles/CertUIFramework.axbundle> (not loaded)
2014-03-11 18:30:53.893 HelloWorld[35911:80b] Multi-tasking -> Device: YES, App: YES
2014-03-11 18:30:53.901 HelloWorld[35911:80b] Unlimited access to network resources
2014-03-11 18:30:54.046 HelloWorld[35911:80b] Resetting plugins due to page load.
2014-03-11 18:30:54.213 HelloWorld[35911:80b] Finished load of: file:///Users/dejanew/Library/Application%20Support/iPhone%20Simulator/7.0.3/Applications/581F669C-B6F0-4943-AD88-4D906C7B45AF/HelloWorld.app/www/index.html#/
objc[38433]: Class AXEmojiUtilities is implemented in both /Applications/Xcode.app/Contents/Developer/Platforms/iPhoneSimulator.platform/Developer/SDKs/iPhoneSimulator7.0.sdk/System/Library/PrivateFrameworks/AccessibilityUtilities.framework/AccessibilityUtilities and /Applications/Xcode.app/Contents/Developer/Platforms/iPhoneSimulator.platform/Developer/SDKs/iPhoneSimulator7.0.sdk/usr/lib/libAXSpeechManager.dylib. One of the two will be used. Which one is undefined.
2014-03-11 18:34:28.985 HelloWorld[38433:80b] Cannot find executable for CFBundle 0xab6ce30 </Applications/Xcode.app/Contents/Developer/Platforms/iPhoneSimulator.platform/Developer/SDKs/iPhoneSimulator7.0.sdk/System/Library/AccessibilityBundles/CertUIFramework.axbundle> (not loaded)
2014-03-11 18:34:29.008 HelloWorld[38433:80b] Cannot find executable for CFBundle 0xa89fde0 </Applications/Xcode.app/Contents/Developer/Platforms/iPhoneSimulator.platform/Developer/SDKs/iPhoneSimulator7.0.sdk/System/Library/AccessibilityBundles/GeoServices.axbundle> (not loaded)
2014-03-11 18:34:29.063 HelloWorld[38433:80b] Multi-tasking -> Device: YES, App: YES
2014-03-11 18:34:29.069 HelloWorld[38433:80b] Unlimited access to network resources
2014-03-11 18:34:29.200 HelloWorld[38433:80b] Resetting plugins due to page load.
2014-03-11 18:34:29.358 HelloWorld[38433:80b] Finished load of: file:///Users/dejanew/Library/Application%20Support/iPhone%20Simulator/7.0.3/Applications/581F669C-B6F0-4943-AD88-4D906C7B45AF/HelloWorld.app/www/index.html#/
objc[40552]: Class AXEmojiUtilities is implemented in both /Applications/Xcode.app/Contents/Developer/Platforms/iPhoneSimulator.platform/Developer/SDKs/iPhoneSimulator7.0.sdk/System/Library/PrivateFrameworks/AccessibilityUtilities.framework/AccessibilityUtilities and /Applications/Xcode.app/Contents/Developer/Platforms/iPhoneSimulator.platform/Developer/SDKs/iPhoneSimulator7.0.sdk/usr/lib/libAXSpeechManager.dylib. One of the two will be used. Which one is undefined.
2014-03-11 18:35:40.570 HelloWorld[40552:80b] Cannot find executable for CFBundle 0xa9499e0 </Applications/Xcode.app/Contents/Developer/Platforms/iPhoneSimulator.platform/Developer/SDKs/iPhoneSimulator7.0.sdk/System/Library/AccessibilityBundles/GeoServices.axbundle> (not loaded)
2014-03-11 18:35:40.587 HelloWorld[40552:80b] Cannot find executable for CFBundle 0xa884bc0 </Applications/Xcode.app/Contents/Developer/Platforms/iPhoneSimulator.platform/Developer/SDKs/iPhoneSimulator7.0.sdk/System/Library/AccessibilityBundles/CertUIFramework.axbundle> (not loaded)
2014-03-11 18:35:40.652 HelloWorld[40552:80b] Multi-tasking -> Device: YES, App: YES
2014-03-11 18:35:40.661 HelloWorld[40552:80b] Unlimited access to network resources
2014-03-11 18:35:40.843 HelloWorld[40552:80b] Resetting plugins due to page load.
2014-03-11 18:35:41.015 HelloWorld[40552:80b] Finished load of: file:///Users/dejanew/Library/Application%20Support/iPhone%20Simulator/7.0.3/Applications/581F669C-B6F0-4943-AD88-4D906C7B45AF/HelloWorld.app/www/index.html#/
